<?xml version="1.0" encoding="UTF-8"?>
<!-- Generated by org.testng.reporters.JUnitReportReporter -->
<testsuite hostname="CORPLC896767.local" failures="0" tests="1" name="aprendizado.selenyum.testProject" time="16.336" errors="0" timestamp="2024-03-08T20:09:59 IST" skipped="0">
  <testcase classname="aprendizado.selenyum.testProject" name="setup" time="16.336"/>
  <system-out/>
</testsuite> <!-- aprendizado.selenyum.testProject -->
