<?xml version="1.0" encoding="UTF-8"?>
<!-- Generated by org.testng.reporters.JUnitReportReporter -->
<testsuite hostname="CORPLC896767.local" failures="0" tests="1" name="aprendizado.selenyum.AppTest" time="0.011" errors="0" timestamp="2024-03-08T20:05:16 IST" skipped="0">
  <testcase classname="aprendizado.selenyum.AppTest" name="testApp" time="0.011"/>
  <system-out/>
</testsuite> <!-- aprendizado.selenyum.AppTest -->
