<?xml version="1.0" encoding="UTF-8"?>
<!-- Generated by org.testng.reporters.JUnitReportReporter -->
<testsuite hostname="IN-GR3N2J3" failures="0" tests="1" name="aprendizado.selenyum.testProject" time="9.210" errors="0" timestamp="2024-03-11T10:55:16 IST" skipped="0">
  <testcase classname="aprendizado.selenyum.testProject" name="setup" time="9.210"/>
  <system-out/>
</testsuite> <!-- aprendizado.selenyum.testProject -->
